Building DAG of jobs...
Using shell: /usr/bin/bash
Provided cores: 1 (use --cores to define parallelism)
Rules claiming more threads will be scaled down.
Job counts:
	count	jobs
	1	all
	1	compute_age
	1	compute_average_copy_number
	1	compute_copy_number_variation
	1	compute_duplicability
	1	compute_universality
	1	create_orthology_dictionaries
	1	merge_features
	8

[Fri Nov 13 15:53:14 2020]
rule create_orthology_dictionaries:
    input: data/anophelinae_orthology.tsv
    output: results/orthogroups.pickle, results/genes.pickle
    jobid: 7

[Fri Nov 13 15:53:30 2020]
Finished job 7.
1 of 8 steps (12%) done

[Fri Nov 13 15:53:30 2020]
rule compute_universality:
    input: results/orthogroups.pickle
    output: results/evol_feat_orthogroups/UNI_orthogroups.tsv, results/evol_feat_genes/UNI_genes.tsv
    jobid: 2

[Fri Nov 13 15:53:31 2020]
Finished job 2.
2 of 8 steps (25%) done

[Fri Nov 13 15:53:32 2020]
rule compute_duplicability:
    input: results/orthogroups.pickle
    output: results/evol_feat_orthogroups/DUP_orthogroups.tsv, results/evol_feat_genes/DUP_genes.tsv
    jobid: 3

[Fri Nov 13 15:53:33 2020]
Finished job 3.
3 of 8 steps (38%) done

[Fri Nov 13 15:53:33 2020]
rule compute_average_copy_number:
    input: results/orthogroups.pickle
    output: results/evol_feat_orthogroups/ACN_orthogroups.tsv, results/evol_feat_genes/ACN_genes.tsv
    jobid: 4

[Fri Nov 13 15:53:35 2020]
Finished job 4.
4 of 8 steps (50%) done

[Fri Nov 13 15:53:35 2020]
rule compute_copy_number_variation:
    input: results/orthogroups.pickle, results/evol_feat_orthogroups/ACN_orthogroups.tsv
    output: results/evol_feat_orthogroups/CNV_orthogroups.tsv, results/evol_feat_genes/CNV_genes.tsv
    jobid: 5

[Fri Nov 13 15:53:39 2020]
Finished job 5.
5 of 8 steps (62%) done

[Fri Nov 13 15:53:39 2020]
rule compute_age:
    input: results/orthogroups.pickle, results/mrca_branchlengths.tsv
    output: results/evol_feat_orthogroups/AGE_orthogroups.tsv, results/evol_feat_genes/AGE_genes.tsv
    jobid: 6

[Fri Nov 13 15:53:39 2020]
Error in rule compute_age:
    jobid: 6
    output: results/evol_feat_orthogroups/AGE_orthogroups.tsv, results/evol_feat_genes/AGE_genes.tsv

RuleException:
CalledProcessError in line 78 of /mnt/c/Users/livio/evol-feat-snakemake/workflow/Snakefile:
Command 'set -euo pipefail;  /home/lruzzant/miniconda3/envs/evol-feat/bin/python3.7 /mnt/c/Users/livio/evol-feat-snakemake/workflow/.snakemake/scripts/tmp_jgiyn26.compute_age.py' returned non-zero exit status 1.
  File "/home/lruzzant/miniconda3/envs/evol-feat/lib/python3.7/site-packages/snakemake/executors/__init__.py", line 2229, in run_wrapper
  File "/mnt/c/Users/livio/evol-feat-snakemake/workflow/Snakefile", line 78, in __rule_compute_age
  File "/home/lruzzant/miniconda3/envs/evol-feat/lib/python3.7/site-packages/snakemake/executors/__init__.py", line 551, in _callback
  File "/home/lruzzant/miniconda3/envs/evol-feat/lib/python3.7/concurrent/futures/thread.py", line 57, in run
  File "/home/lruzzant/miniconda3/envs/evol-feat/lib/python3.7/site-packages/snakemake/executors/__init__.py", line 537, in cached_or_run
  File "/home/lruzzant/miniconda3/envs/evol-feat/lib/python3.7/site-packages/snakemake/executors/__init__.py", line 2241, in run_wrapper
Shutting down, this might take some time.
Exiting because a job execution failed. Look above for error message
Complete log: /mnt/c/Users/livio/evol-feat-snakemake/workflow/.snakemake/log/2020-11-13T155314.322723.snakemake.log
