Building DAG of jobs...
Using shell: /bin/bash
Provided cores: 8
Rules claiming more threads will be scaled down.
Job counts:
	count	jobs
	1	all
	1	compute_average_copy_number
	1	compute_copy_number_variation
	1	compute_duplicability
	1	compute_universality
	1	create_orthology_dictionaries
	1	merge_features
	7

[Wed Oct 21 16:46:59 2020]
rule create_orthology_dictionaries:
    input: data/orthology_anophelinae.tsv
    output: results/orthogroups.pickle, results/genes.pickle
    jobid: 6

[Wed Oct 21 16:47:00 2020]
Finished job 6.
1 of 7 steps (14%) done

[Wed Oct 21 16:47:00 2020]
rule compute_duplicability:
    input: results/orthogroups.pickle
    output: results/evol_feat_orthogroups/DUP_orthogroups.tsv, results/evol_feat_genes/DUP_genes.tsv
    jobid: 3

[Wed Oct 21 16:47:00 2020]
rule compute_average_copy_number:
    input: results/orthogroups.pickle
    output: results/evol_feat_orthogroups/ACN_orthogroups.tsv, results/evol_feat_genes/ACN_genes.tsv
    jobid: 4


[Wed Oct 21 16:47:00 2020]
rule compute_universality:
    input: results/orthogroups.pickle
    output: results/evol_feat_orthogroups/UNI_orthogroups.tsv, results/evol_feat_genes/UNI_genes.tsv
    jobid: 2

[Wed Oct 21 16:47:00 2020]
Finished job 2.
2 of 7 steps (29%) done
[Wed Oct 21 16:47:00 2020]
Finished job 4.
3 of 7 steps (43%) done

[Wed Oct 21 16:47:00 2020]
rule compute_copy_number_variation:
    input: results/orthogroups.pickle, results/evol_feat_orthogroups/ACN_orthogroups.tsv
    output: results/evol_feat_orthogroups/CNV_orthogroups.tsv, results/evol_feat_genes/CNV_genes.tsv
    jobid: 5

[Wed Oct 21 16:47:00 2020]
Finished job 3.
4 of 7 steps (57%) done
[Wed Oct 21 16:47:02 2020]
Finished job 5.
5 of 7 steps (71%) done

[Wed Oct 21 16:47:02 2020]
rule merge_features:
    input: results/evol_feat_orthogroups/UNI_orthogroups.tsv, results/evol_feat_orthogroups/DUP_orthogroups.tsv, results/evol_feat_orthogroups/ACN_orthogroups.tsv, results/evol_feat_orthogroups/CNV_orthogroups.tsv, results/evol_feat_genes/UNI_genes.tsv, results/evol_feat_genes/DUP_genes.tsv, results/evol_feat_genes/ACN_genes.tsv, results/evol_feat_genes/CNV_genes.tsv
    output: results/evolutionary_features_by_orthogroups.tsv, results/evolutionary_features_by_genes.tsv
    jobid: 1

[Wed Oct 21 16:47:03 2020]
Finished job 1.
6 of 7 steps (86%) done

[Wed Oct 21 16:47:03 2020]
localrule all:
    input: results/evolutionary_features_by_orthogroups.tsv, results/evolutionary_features_by_genes.tsv
    jobid: 0

[Wed Oct 21 16:47:03 2020]
Finished job 0.
7 of 7 steps (100%) done
Complete log: /home/lruzzant/evol-feat-snakemake/workflow/.snakemake/log/2020-10-21T164658.992938.snakemake.log
