Building DAG of jobs...
Using shell: /bin/bash
Provided cores: 1 (use --cores to define parallelism)
Rules claiming more threads will be scaled down.
Job counts:
	count	jobs
	1	compute_UNI
	1

[Wed Oct 14 15:52:36 2020]
rule compute_UNI:
    input: data/orthology_anophelinae.tsv
    output: results/UNI.tsv
    jobid: 0

[Wed Oct 14 15:52:36 2020]
Error in rule compute_UNI:
    jobid: 0
    output: results/UNI.tsv

RuleException:
URLError in line 9 of /home/lruzzant/evol-feat-snakemake/workflow/Snakefile:
<urlopen error [Errno 2] No such file or directory: '/home/lruzzant/evol-feat-snakemake/workflow/compute_UNI.py'>
  File "/home/lruzzant/miniconda3/envs/evol-feat/lib/python3.7/site-packages/snakemake/executors/__init__.py", line 2229, in run_wrapper
  File "/home/lruzzant/evol-feat-snakemake/workflow/Snakefile", line 9, in __rule_compute_UNI
  File "/home/lruzzant/miniconda3/envs/evol-feat/lib/python3.7/urllib/request.py", line 222, in urlopen
  File "/home/lruzzant/miniconda3/envs/evol-feat/lib/python3.7/urllib/request.py", line 525, in open
  File "/home/lruzzant/miniconda3/envs/evol-feat/lib/python3.7/urllib/request.py", line 543, in _open
  File "/home/lruzzant/miniconda3/envs/evol-feat/lib/python3.7/urllib/request.py", line 503, in _call_chain
  File "/home/lruzzant/miniconda3/envs/evol-feat/lib/python3.7/urllib/request.py", line 1451, in file_open
  File "/home/lruzzant/miniconda3/envs/evol-feat/lib/python3.7/urllib/request.py", line 1490, in open_local_file
  File "/home/lruzzant/miniconda3/envs/evol-feat/lib/python3.7/site-packages/snakemake/executors/__init__.py", line 551, in _callback
  File "/home/lruzzant/miniconda3/envs/evol-feat/lib/python3.7/concurrent/futures/thread.py", line 57, in run
  File "/home/lruzzant/miniconda3/envs/evol-feat/lib/python3.7/site-packages/snakemake/executors/__init__.py", line 537, in cached_or_run
  File "/home/lruzzant/miniconda3/envs/evol-feat/lib/python3.7/site-packages/snakemake/executors/__init__.py", line 2241, in run_wrapper
Shutting down, this might take some time.
Exiting because a job execution failed. Look above for error message
Complete log: /home/lruzzant/evol-feat-snakemake/workflow/.snakemake/log/2020-10-14T155236.686873.snakemake.log
