Building DAG of jobs...
Using shell: /usr/bin/bash
Provided cores: 1 (use --cores to define parallelism)
Rules claiming more threads will be scaled down.
Job counts:
	count	jobs
	1	all
	1	compute_age
	1	merge_features
	3

[Fri Nov 13 16:03:53 2020]
rule compute_age:
    input: results/orthogroups.pickle, results/mrca_branchlengths.tsv
    output: results/evol_feat_orthogroups/AGE_orthogroups.tsv, results/evol_feat_genes/AGE_genes.tsv
    jobid: 6

[Fri Nov 13 16:03:55 2020]
Finished job 6.
1 of 3 steps (33%) done

[Fri Nov 13 16:03:56 2020]
rule merge_features:
    input: results/evol_feat_orthogroups/UNI_orthogroups.tsv, results/evol_feat_orthogroups/DUP_orthogroups.tsv, results/evol_feat_orthogroups/ACN_orthogroups.tsv, results/evol_feat_orthogroups/CNV_orthogroups.tsv, results/evol_feat_orthogroups/AGE_orthogroups.tsv, results/evol_feat_genes/UNI_genes.tsv, results/evol_feat_genes/DUP_genes.tsv, results/evol_feat_genes/ACN_genes.tsv, results/evol_feat_genes/CNV_genes.tsv, results/evol_feat_genes/AGE_genes.tsv
    output: results/evolutionary_features_by_orthogroups.tsv, results/evolutionary_features_by_genes.tsv
    jobid: 1

[Fri Nov 13 16:04:02 2020]
Finished job 1.
2 of 3 steps (67%) done

[Fri Nov 13 16:04:02 2020]
localrule all:
    input: results/evolutionary_features_by_orthogroups.tsv, results/evolutionary_features_by_genes.tsv
    jobid: 0

[Fri Nov 13 16:04:02 2020]
Finished job 0.
3 of 3 steps (100%) done
Complete log: /mnt/c/Users/livio/evol-feat-snakemake/workflow/.snakemake/log/2020-11-13T160352.724121.snakemake.log
