Building DAG of jobs...
Using shell: /bin/bash
Provided cores: 8
Rules claiming more threads will be scaled down.
Job counts:
	count	jobs
	1	all
	1	compute_average_copy_number
	1	compute_copy_number_variation
	1	compute_duplicability
	1	compute_universality
	1	create_orthology_dictionaries
	1	merge_features
	7

[Wed Oct 21 16:44:50 2020]
rule create_orthology_dictionaries:
    input: data/orthology_anophelinae.tsv
    output: results/orthogroups.pickle, results/genes.pickle
    jobid: 6

[Wed Oct 21 16:44:51 2020]
Finished job 6.
1 of 7 steps (14%) done

[Wed Oct 21 16:44:51 2020]
rule compute_duplicability:
    input: results/orthogroups.pickle
    output: results/evol_feat_orthogroups/DUP_orthogroups.tsv, results/evol_feat_genes/DUP_genes.tsv
    jobid: 3

[Wed Oct 21 16:44:51 2020]
rule compute_average_copy_number:
    input: results/orthogroups.pickle
    output: results/evol_feat_orthogroups/ACN_orthogroups.tsv, results/evol_feat_genes/ACN_genes.tsv
    jobid: 4


[Wed Oct 21 16:44:51 2020]
rule compute_universality:
    input: results/orthogroups.pickle
    output: results/evol_feat_orthogroups/UNI_orthogroups.tsv, results/evol_feat_genes/UNI_genes.tsv
    jobid: 2

[Wed Oct 21 16:44:52 2020]
Finished job 4.
2 of 7 steps (29%) done
[Wed Oct 21 16:44:52 2020]
Finished job 2.
3 of 7 steps (43%) done

[Wed Oct 21 16:44:52 2020]
rule compute_copy_number_variation:
    input: results/orthogroups.pickle, results/evol_feat_orthogroups/ACN_orthogroups.tsv
    output: results/evol_feat_orthogroups/CNV_orthogroups.tsv, results/evol_feat_genes/CNV_genes.tsv
    jobid: 5

[Wed Oct 21 16:44:52 2020]
Finished job 3.
4 of 7 steps (57%) done
[Wed Oct 21 16:44:52 2020]
Error in rule compute_copy_number_variation:
    jobid: 5
    output: results/evol_feat_orthogroups/CNV_orthogroups.tsv, results/evol_feat_genes/CNV_genes.tsv

RuleException:
CalledProcessError in line 54 of /home/lruzzant/evol-feat-snakemake/workflow/Snakefile:
Command 'set -euo pipefail;  /home/lruzzant/miniconda3/envs/evol-feat/bin/python3.7 /home/lruzzant/evol-feat-snakemake/workflow/.snakemake/scripts/tmpv3zl30lz.compute_copy_number_variation.py' returned non-zero exit status 1.
  File "/home/lruzzant/miniconda3/envs/evol-feat/lib/python3.7/site-packages/snakemake/executors/__init__.py", line 2229, in run_wrapper
  File "/home/lruzzant/evol-feat-snakemake/workflow/Snakefile", line 54, in __rule_compute_copy_number_variation
  File "/home/lruzzant/miniconda3/envs/evol-feat/lib/python3.7/site-packages/snakemake/executors/__init__.py", line 551, in _callback
  File "/home/lruzzant/miniconda3/envs/evol-feat/lib/python3.7/concurrent/futures/thread.py", line 57, in run
  File "/home/lruzzant/miniconda3/envs/evol-feat/lib/python3.7/site-packages/snakemake/executors/__init__.py", line 537, in cached_or_run
  File "/home/lruzzant/miniconda3/envs/evol-feat/lib/python3.7/site-packages/snakemake/executors/__init__.py", line 2241, in run_wrapper
Removing output files of failed job compute_copy_number_variation since they might be corrupted:
results/evol_feat_orthogroups/CNV_orthogroups.tsv, results/evol_feat_genes/CNV_genes.tsv
Shutting down, this might take some time.
Exiting because a job execution failed. Look above for error message
Complete log: /home/lruzzant/evol-feat-snakemake/workflow/.snakemake/log/2020-10-21T164450.251159.snakemake.log
