Building DAG of jobs...
Using shell: /usr/bin/bash
Provided cores: 1 (use --cores to define parallelism)
Rules claiming more threads will be scaled down.
Job counts:
	count	jobs
	1	create_mrca_branchlengths_table
	1

[Fri Nov 13 15:14:57 2020]
rule create_mrca_branchlengths_table:
    input: data/anophelinae_ultrametric_tree.pep
    output: results/mrca_branchlengths.tsv
    jobid: 0

[Fri Nov 13 15:14:59 2020]
Error in rule create_mrca_branchlengths_table:
    jobid: 0
    output: results/mrca_branchlengths.tsv

RuleException:
CalledProcessError in line 28 of /mnt/c/Users/livio/evol-feat-snakemake/workflow/Snakefile:
Command 'set -euo pipefail;  Rscript --vanilla /mnt/c/Users/livio/evol-feat-snakemake/workflow/.snakemake/scripts/tmpiinek5qk.create_mrca_branchlengths_table.R' returned non-zero exit status 127.
  File "/home/lruzzant/miniconda3/envs/evol-feat/lib/python3.7/site-packages/snakemake/executors/__init__.py", line 2229, in run_wrapper
  File "/mnt/c/Users/livio/evol-feat-snakemake/workflow/Snakefile", line 28, in __rule_create_mrca_branchlengths_table
  File "/home/lruzzant/miniconda3/envs/evol-feat/lib/python3.7/site-packages/snakemake/executors/__init__.py", line 551, in _callback
  File "/home/lruzzant/miniconda3/envs/evol-feat/lib/python3.7/concurrent/futures/thread.py", line 57, in run
  File "/home/lruzzant/miniconda3/envs/evol-feat/lib/python3.7/site-packages/snakemake/executors/__init__.py", line 537, in cached_or_run
  File "/home/lruzzant/miniconda3/envs/evol-feat/lib/python3.7/site-packages/snakemake/executors/__init__.py", line 2241, in run_wrapper
Shutting down, this might take some time.
Exiting because a job execution failed. Look above for error message
Complete log: /mnt/c/Users/livio/evol-feat-snakemake/workflow/.snakemake/log/2020-11-13T151457.056628.snakemake.log
