Building DAG of jobs...
Using shell: /bin/bash
Provided cores: 1 (use --cores to define parallelism)
Rules claiming more threads will be scaled down.
Job counts:
	count	jobs
	1	all
	1	compute_UNI
	1	create_orthology_dictionaries
	3

[Fri Oct 16 17:35:39 2020]
rule create_orthology_dictionaries:
    input: data/orthology_anophelinae.tsv
    output: results/orthogroups.pickle, results/genes.pickle
    jobid: 2

[Fri Oct 16 17:35:40 2020]
Finished job 2.
1 of 3 steps (33%) done

[Fri Oct 16 17:35:40 2020]
rule compute_UNI:
    input: results/orthogroups.pickle
    output: results/orthogroup_features/UNI_orthogroups.tsv, results/gene_features/UNI_genes.tsv
    jobid: 1

[Fri Oct 16 17:35:41 2020]
Finished job 1.
2 of 3 steps (67%) done

[Fri Oct 16 17:35:41 2020]
localrule all:
    input: results/orthogroup_features/UNI_orthogroups.tsv, results/gene_features/UNI_genes.tsv
    jobid: 0

[Fri Oct 16 17:35:41 2020]
Finished job 0.
3 of 3 steps (100%) done
Complete log: /home/lruzzant/evol-feat-snakemake/workflow/.snakemake/log/2020-10-16T173539.510220.snakemake.log
