Building DAG of jobs...
Using shell: /usr/bin/bash
Provided cores: 1 (use --cores to define parallelism)
Rules claiming more threads will be scaled down.
Job counts:
	count	jobs
	1	all
	1	compute_age
	1	compute_universality
	1	create_mrca_branchlengths_table
	1	merge_features
	1	process_orthology_table
	1	split_user_orthogroup_features
	7

[Mon Feb 15 19:53:35 2021]
checkpoint split_user_orthogroup_features:
    input: input/TEST_apoidea_og_feats.tsv
    output: output/user_orthogroup_features/
    jobid: 2
Downstream jobs will be updated after completion.

Updating job 1 (merge_features).
[Mon Feb 15 19:53:36 2021]
Finished job 2.
1 of 7 steps (14%) done

[Mon Feb 15 19:53:36 2021]
rule process_orthology_table:
    input: input/apoidea_orthology.txt
    output: output/orthogroups.pickle, output/genes.pickle, output/orthology_info.txt
    jobid: 5

[Mon Feb 15 19:53:36 2021]
Error in rule process_orthology_table:
    jobid: 5
    output: output/orthogroups.pickle, output/genes.pickle, output/orthology_info.txt

RuleException:
CalledProcessError in line 9 of /mnt/c/Users/livio/evol-feat-snakemake/workflow/rules/compute_features.smk:
Command 'set -euo pipefail;  /home/lruzzant/miniconda3/envs/evol-feat/bin/python3.7 /mnt/c/Users/livio/evol-feat-snakemake/workflow/.snakemake/scripts/tmpaioqn6xl.process_orthology_table.py' returned non-zero exit status 1.
  File "/home/lruzzant/miniconda3/envs/evol-feat/lib/python3.7/site-packages/snakemake/executors/__init__.py", line 2229, in run_wrapper
  File "/mnt/c/Users/livio/evol-feat-snakemake/workflow/rules/compute_features.smk", line 9, in __rule_process_orthology_table
  File "/home/lruzzant/miniconda3/envs/evol-feat/lib/python3.7/site-packages/snakemake/executors/__init__.py", line 551, in _callback
  File "/home/lruzzant/miniconda3/envs/evol-feat/lib/python3.7/concurrent/futures/thread.py", line 57, in run
  File "/home/lruzzant/miniconda3/envs/evol-feat/lib/python3.7/site-packages/snakemake/executors/__init__.py", line 537, in cached_or_run
  File "/home/lruzzant/miniconda3/envs/evol-feat/lib/python3.7/site-packages/snakemake/executors/__init__.py", line 2241, in run_wrapper
Removing output files of failed job process_orthology_table since they might be corrupted:
output/orthogroups.pickle, output/genes.pickle, output/orthology_info.txt
Shutting down, this might take some time.
Exiting because a job execution failed. Look above for error message
Complete log: /mnt/c/Users/livio/evol-feat-snakemake/workflow/.snakemake/log/2021-02-15T195335.251112.snakemake.log
