Building DAG of jobs...
Updating job 1 (merge_features).
Using shell: /usr/bin/bash
Provided cores: 1 (use --cores to define parallelism)
Rules claiming more threads will be scaled down.
Job counts:
	count	jobs
	1	all
	1	compute_average_copy_number
	1	merge_features
	3

[Mon Feb 15 20:23:16 2021]
rule compute_average_copy_number:
    input: output/orthogroups.pickle
    output: output/computed_orthogroup_features/ACN.tsv, output/computed_gene_features/ACN_genes.tsv
    jobid: 4

[Mon Feb 15 20:23:16 2021]
Finished job 4.
1 of 3 steps (33%) done

[Mon Feb 15 20:23:17 2021]
rule merge_features:
    input: output/user_orthogroup_features/AAL.tsv, output/user_orthogroup_features/AEN.tsv, output/user_orthogroup_features/AGE.tsv, output/user_orthogroup_features/CAF.tsv, output/user_orthogroup_features/CNV.tsv, output/user_orthogroup_features/CON.tsv, output/user_orthogroup_features/DUP.tsv, output/user_orthogroup_features/EVR.tsv, output/user_orthogroup_features/EXP.tsv, output/user_orthogroup_features/LCA.tsv, output/user_orthogroup_features/PDN.tsv, output/user_orthogroup_features/PDS.tsv, output/user_orthogroup_features/SEL.tsv, output/user_orthogroup_features/STA.tsv, output/user_orthogroup_features/SYN.tsv, output/computed_orthogroup_features/UNI.tsv, output/computed_orthogroup_features/ACN.tsv
    output: output/merged_orthogroup_features.tsv
    jobid: 6

[Mon Feb 15 20:23:18 2021]
Finished job 6.
2 of 3 steps (67%) done

[Mon Feb 15 20:23:18 2021]
localrule all:
    input: output/merged_orthogroup_features.tsv
    jobid: 0

[Mon Feb 15 20:23:18 2021]
Finished job 0.
3 of 3 steps (100%) done
Complete log: /mnt/c/Users/livio/evol-feat-snakemake/workflow/.snakemake/log/2021-02-15T202316.497737.snakemake.log
