Building DAG of jobs...
Using shell: /usr/bin/bash
Provided cores: 1 (use --cores to define parallelism)
Rules claiming more threads will be scaled down.
Job counts:
	count	jobs
	1	all
	1	compute_average_copy_number
	1	compute_universality
	1	merge_features
	1	process_orthology_table
	1	split_user_orthogroup_features
	6

[Mon Feb 15 20:22:18 2021]
rule process_orthology_table:
    input: input/Anophelinae_OGs.txt
    output: output/orthogroups.pickle, output/genes.pickle, output/orthology_info.txt
    jobid: 5

[Mon Feb 15 20:22:19 2021]
Finished job 5.
1 of 6 steps (17%) done

[Mon Feb 15 20:22:19 2021]
checkpoint split_user_orthogroup_features:
    input: input/user_features.txt
    output: output/user_orthogroup_features/
    jobid: 2
Downstream jobs will be updated after completion.

[Mon Feb 15 20:22:20 2021]
Error in rule split_user_orthogroup_features:
    jobid: 2
    output: output/user_orthogroup_features/

RuleException:
CalledProcessError in line 32 of /mnt/c/Users/livio/evol-feat-snakemake/workflow/rules/user_features.smk:
Command 'set -euo pipefail;  /home/lruzzant/miniconda3/envs/evol-feat/bin/python3.7 /mnt/c/Users/livio/evol-feat-snakemake/workflow/.snakemake/scripts/tmpfyw7skg3.split_orthogroup_features.py' returned non-zero exit status 1.
  File "/home/lruzzant/miniconda3/envs/evol-feat/lib/python3.7/site-packages/snakemake/executors/__init__.py", line 2229, in run_wrapper
  File "/mnt/c/Users/livio/evol-feat-snakemake/workflow/rules/user_features.smk", line 32, in __rule_split_user_orthogroup_features
  File "/home/lruzzant/miniconda3/envs/evol-feat/lib/python3.7/site-packages/snakemake/executors/__init__.py", line 551, in _callback
  File "/home/lruzzant/miniconda3/envs/evol-feat/lib/python3.7/concurrent/futures/thread.py", line 57, in run
  File "/home/lruzzant/miniconda3/envs/evol-feat/lib/python3.7/site-packages/snakemake/executors/__init__.py", line 537, in cached_or_run
  File "/home/lruzzant/miniconda3/envs/evol-feat/lib/python3.7/site-packages/snakemake/executors/__init__.py", line 2241, in run_wrapper
Removing output files of failed job split_user_orthogroup_features since they might be corrupted:
output/user_orthogroup_features/
Shutting down, this might take some time.
Exiting because a job execution failed. Look above for error message
Complete log: /mnt/c/Users/livio/evol-feat-snakemake/workflow/.snakemake/log/2021-02-15T202218.461940.snakemake.log
