Building DAG of jobs...
Updating job 1 (merge_features).
Using shell: /usr/bin/bash
Provided cores: 1 (use --cores to define parallelism)
Rules claiming more threads will be scaled down.
Job counts:
	count	jobs
	1	all
	1	merge_features
	2

[Mon Feb 15 18:17:15 2021]
rule merge_features:
    input: output/user_orthogroup_features/ACN.tsv, output/user_orthogroup_features/AGE.tsv, output/user_orthogroup_features/CAF.tsv, output/user_orthogroup_features/CNV.tsv, output/user_orthogroup_features/CON.tsv, output/user_orthogroup_features/DUP.tsv, output/user_orthogroup_features/EVR.tsv, output/user_orthogroup_features/EXP.tsv, output/user_orthogroup_features/LCA.tsv, output/user_orthogroup_features/STA.tsv, output/user_orthogroup_features/UNI.tsv
    output: output/merged_orthogroup_features.tsv
    jobid: 3

[Mon Feb 15 18:17:18 2021]
Finished job 3.
1 of 2 steps (50%) done

[Mon Feb 15 18:17:18 2021]
localrule all:
    input: output/merged_orthogroup_features.tsv
    jobid: 0

[Mon Feb 15 18:17:18 2021]
Finished job 0.
2 of 2 steps (100%) done
Complete log: /mnt/c/Users/livio/evol-feat-snakemake/workflow/.snakemake/log/2021-02-15T181715.359440.snakemake.log
