Building DAG of jobs...
candidate job split_user_og_features
    wildcards: 
selected job split_user_og_features
    wildcards: 
file None:
    Producer found, hence exceptions are ignored.

Using shell: /usr/bin/bash
Provided cores: 1 (use --cores to define parallelism)
Rules claiming more threads will be scaled down.
Job counts:
	count	jobs
	1	split_user_og_features
	1

[Mon Feb 15 16:59:42 2021]
checkpoint split_user_og_features:
    input: input/apoidea_og_feats.tsv
    output: output/orthogroup_features/
    jobid: 0
Downstream jobs will be updated after completion.

[Mon Feb 15 16:59:45 2021]
Finished job 0.
1 of 1 steps (100%) done
Complete log: /mnt/c/Users/livio/evol-feat-snakemake/workflow/.snakemake/log/2021-02-15T165942.231837.snakemake.log
