Building DAG of jobs...
Using shell: /usr/bin/bash
Provided cores: 1 (use --cores to define parallelism)
Rules claiming more threads will be scaled down.
Job counts:
	count	jobs
	1	all
	1	compute_age
	1	compute_universality
	1	create_mrca_branchlengths_table
	1	merge_features
	1	process_orthology_table
	1	split_user_orthogroup_features
	7

[Mon Feb 15 20:05:31 2021]
checkpoint split_user_orthogroup_features:
    input: input/TEST_apoidea_og_feats.tsv
    output: output/user_orthogroup_features/
    jobid: 2
Downstream jobs will be updated after completion.

Updating job 1 (merge_features).
[Mon Feb 15 20:05:32 2021]
Finished job 2.
1 of 7 steps (14%) done

[Mon Feb 15 20:05:32 2021]
rule process_orthology_table:
    input: input/apoidea_orthology.txt
    output: output/orthogroups.pickle, output/genes.pickle, output/orthology_info.txt
    jobid: 5

[Mon Feb 15 20:05:33 2021]
Finished job 5.
2 of 7 steps (29%) done

[Mon Feb 15 20:05:33 2021]
rule compute_universality:
    input: output/orthogroups.pickle, output/orthology_info.txt
    output: output/computed_orthogroup_features/UNI.tsv, output/computed_gene_features/UNI_genes.tsv
    jobid: 3

[Mon Feb 15 20:05:33 2021]
Finished job 3.
3 of 7 steps (43%) done

[Mon Feb 15 20:05:33 2021]
rule create_mrca_branchlengths_table:
    input: input/trees_Apoidea_RO_ultrametric.pep
    output: output/mrca_branchlengths.tsv
    jobid: 6

[Mon Feb 15 20:05:34 2021]
Finished job 6.
4 of 7 steps (57%) done

[Mon Feb 15 20:05:34 2021]
rule compute_age:
    input: output/orthogroups.pickle, output/mrca_branchlengths.tsv
    output: output/computed_orthogroup_features/AGE.tsv, output/computed_gene_features/AGE_genes.tsv
    jobid: 4

[Mon Feb 15 20:05:34 2021]
Finished job 4.
5 of 7 steps (71%) done

[Mon Feb 15 20:05:34 2021]
rule merge_features:
    input: output/user_orthogroup_features/ACN.tsv, output/user_orthogroup_features/CAF.tsv, output/user_orthogroup_features/CNV.tsv, output/user_orthogroup_features/CON.tsv, output/user_orthogroup_features/DUP.tsv, output/user_orthogroup_features/EVR.tsv, output/user_orthogroup_features/EXP.tsv, output/user_orthogroup_features/LCA.tsv, output/user_orthogroup_features/STA.tsv, output/computed_orthogroup_features/UNI.tsv, output/computed_orthogroup_features/AGE.tsv
    output: output/merged_orthogroup_features.tsv
    jobid: 7

[Mon Feb 15 20:05:35 2021]
Finished job 7.
6 of 7 steps (86%) done

[Mon Feb 15 20:05:35 2021]
localrule all:
    input: output/merged_orthogroup_features.tsv
    jobid: 0

[Mon Feb 15 20:05:35 2021]
Finished job 0.
7 of 7 steps (100%) done
Complete log: /mnt/c/Users/livio/evol-feat-snakemake/workflow/.snakemake/log/2021-02-15T200531.661977.snakemake.log
