Building DAG of jobs...
Updating job 1 (merge_orthogroup_features).
Using shell: /usr/bin/bash
Provided cores: 1 (use --cores to define parallelism)
Rules claiming more threads will be scaled down.
Job counts:
	count	jobs
	1	all
	1	compute_average_copy_number
	1	compute_universality
	1	merge_orthogroup_features
	4

[Mon Feb 15 21:09:00 2021]
rule compute_universality:
    input: output/orthogroups.pickle, output/orthology_info.txt
    output: output/computed_orthogroup_features/UNI.tsv
    jobid: 3

[Mon Feb 15 21:09:00 2021]
Finished job 3.
1 of 4 steps (25%) done

[Mon Feb 15 21:09:00 2021]
rule compute_average_copy_number:
    input: output/orthogroups.pickle
    output: output/computed_orthogroup_features/ACN.tsv
    jobid: 4

[Mon Feb 15 21:09:03 2021]
Finished job 4.
2 of 4 steps (50%) done

[Mon Feb 15 21:09:03 2021]
rule merge_orthogroup_features:
    input: output/user_orthogroup_features/AAL.tsv, output/user_orthogroup_features/AEN.tsv, output/user_orthogroup_features/AGE.tsv, output/user_orthogroup_features/CAF.tsv, output/user_orthogroup_features/CNV.tsv, output/user_orthogroup_features/CON.tsv, output/user_orthogroup_features/DUP.tsv, output/user_orthogroup_features/EVR.tsv, output/user_orthogroup_features/EXP.tsv, output/user_orthogroup_features/LCA.tsv, output/user_orthogroup_features/PDN.tsv, output/user_orthogroup_features/PDS.tsv, output/user_orthogroup_features/SEL.tsv, output/user_orthogroup_features/STA.tsv, output/user_orthogroup_features/SYN.tsv, output/computed_orthogroup_features/UNI.tsv, output/computed_orthogroup_features/ACN.tsv
    output: output/merged_orthogroup_features.tsv
    jobid: 6

[Mon Feb 15 21:09:04 2021]
Finished job 6.
3 of 4 steps (75%) done

[Mon Feb 15 21:09:04 2021]
localrule all:
    input: output/merged_orthogroup_features.tsv
    jobid: 0

[Mon Feb 15 21:09:04 2021]
Finished job 0.
4 of 4 steps (100%) done
Complete log: /mnt/c/Users/livio/evol-feat-snakemake/workflow/.snakemake/log/2021-02-15T210900.216692.snakemake.log
